<?xml version='1.0' encoding='UTF-8'?>
<testsuite hostname="slava-ubuntu" name="org.apache.spark.ml.made.StandardScalerTest" tests="2" errors="2" failures="0" skipped="0" time="0.167" timestamp="2023-03-12T00:09:14">
          <properties>
[...]
</properties>
          <testcase classname="org.apache.spark.ml.made.StandardScalerTest" name="(It is not a test it is a sbt.testing.SuiteSelector)" time="0.168">
                      <error message="Could not initialize class org.apache.spark.SparkConf$" type="java.lang.NoClassDefFoundError">java.lang.NoClassDefFoundError: Could not initialize class org.apache.spark.SparkConf$
	at org.apache.spark.SparkConf.set(SparkConf.scala:94)
	at org.apache.spark.SparkConf.set(SparkConf.scala:83)
	at org.apache.spark.sql.SparkSession$Builder.$anonfun$getOrCreate$1(SparkSession.scala:905)
	at scala.collection.mutable.HashMap.$anonfun$foreach$1(HashMap.scala:149)
	at scala.collection.mutable.HashTable.foreachEntry(HashTable.scala:237)
	at scala.collection.mutable.HashTable.foreachEntry$(HashTable.scala:230)
	at scala.collection.mutable.HashMap.foreachEntry(HashMap.scala:44)
	at scala.collection.mutable.HashMap.foreach(HashMap.scala:149)
	at org.apache.spark.sql.SparkSession$Builder.getOrCreate(SparkSession.scala:905)
	at org.apache.spark.ml.made.WithSpark$._spark$lzycompute(WithSpark.scala:13)
	at org.apache.spark.ml.made.WithSpark$._spark(WithSpark.scala:11)
	at org.apache.spark.ml.made.WithSpark$._sqlc$lzycompute(WithSpark.scala:16)
	at org.apache.spark.ml.made.WithSpark$._sqlc(WithSpark.scala:16)
	at org.apache.spark.ml.made.WithSpark.sqlc(WithSpark.scala:7)
	at org.apache.spark.ml.made.WithSpark.sqlc$(WithSpark.scala:7)
	at org.apache.spark.ml.made.StandardScalerTest$.sqlc$lzycompute(StandardScalerTest.scala:140)
	at org.apache.spark.ml.made.StandardScalerTest$.sqlc(StandardScalerTest.scala:140)
	at org.apache.spark.ml.made.StandardScalerTest$._data$lzycompute(StandardScalerTest.scala:149)
	at org.apache.spark.ml.made.StandardScalerTest$._data(StandardScalerTest.scala:147)
	at org.apache.spark.ml.made.StandardScalerTest.data$lzycompute(StandardScalerTest.scala:16)
	at org.apache.spark.ml.made.StandardScalerTest.data(StandardScalerTest.scala:16)
	at org.apache.spark.ml.made.StandardScalerTest.$anonfun$new$1(StandardScalerTest.scala:26)
	at org.scalatest.OutcomeOf.outcomeOf(OutcomeOf.scala:85)
	at org.scalatest.OutcomeOf.outcomeOf$(OutcomeOf.scala:83)
	at org.scalatest.OutcomeOf$.outcomeOf(OutcomeOf.scala:104)
	at org.scalatest.Transformer.apply(Transformer.scala:22)
	at org.scalatest.Transformer.apply(Transformer.scala:20)
	at org.scalatest.flatspec.AnyFlatSpecLike$$anon$5.apply(AnyFlatSpecLike.scala:1683)
	at org.scalatest.TestSuite.withFixture(TestSuite.scala:196)
	at org.scalatest.TestSuite.withFixture$(TestSuite.scala:195)
	at org.scalatest.flatspec.AnyFlatSpec.withFixture(AnyFlatSpec.scala:1685)
	at org.scalatest.flatspec.AnyFlatSpecLike.invokeWithFixture$1(AnyFlatSpecLike.scala:1681)
	at org.scalatest.flatspec.AnyFlatSpecLike.$anonfun$runTest$1(AnyFlatSpecLike.scala:1693)
	at org.scalatest.SuperEngine.runTestImpl(Engine.scala:306)
	at org.scalatest.flatspec.AnyFlatSpecLike.runTest(AnyFlatSpecLike.scala:1693)
	at org.scalatest.flatspec.AnyFlatSpecLike.runTest$(AnyFlatSpecLike.scala:1675)
	at org.scalatest.flatspec.AnyFlatSpec.runTest(AnyFlatSpec.scala:1685)
	at org.scalatest.flatspec.AnyFlatSpecLike.$anonfun$runTests$1(AnyFlatSpecLike.scala:1751)
	at org.scalatest.SuperEngine.$anonfun$runTestsInBranch$1(Engine.scala:413)
	at scala.collection.immutable.List.foreach(List.scala:431)
	at org.scalatest.SuperEngine.traverseSubNodes$1(Engine.scala:401)
	at org.scalatest.SuperEngine.runTestsInBranch(Engine.scala:390)
	at org.scalatest.SuperEngine.$anonfun$runTestsInBranch$1(Engine.scala:427)
	at scala.collection.immutable.List.foreach(List.scala:431)
	at org.scalatest.SuperEngine.traverseSubNodes$1(Engine.scala:401)
	at org.scalatest.SuperEngine.runTestsInBranch(Engine.scala:396)
	at org.scalatest.SuperEngine.runTestsImpl(Engine.scala:475)
	at org.scalatest.flatspec.AnyFlatSpecLike.runTests(AnyFlatSpecLike.scala:1751)
	at org.scalatest.flatspec.AnyFlatSpecLike.runTests$(AnyFlatSpecLike.scala:1750)
	at org.scalatest.flatspec.AnyFlatSpec.runTests(AnyFlatSpec.scala:1685)
	at org.scalatest.Suite.run(Suite.scala:1112)
	at org.scalatest.Suite.run$(Suite.scala:1094)
	at org.scalatest.flatspec.AnyFlatSpec.org$scalatest$flatspec$AnyFlatSpecLike$$super$run(AnyFlatSpec.scala:1685)
	at org.scalatest.flatspec.AnyFlatSpecLike.$anonfun$run$1(AnyFlatSpecLike.scala:1796)
	at org.scalatest.SuperEngine.runImpl(Engine.scala:535)
	at org.scalatest.flatspec.AnyFlatSpecLike.run(AnyFlatSpecLike.scala:1796)
	at org.scalatest.flatspec.AnyFlatSpecLike.run$(AnyFlatSpecLike.scala:1794)
	at org.scalatest.flatspec.AnyFlatSpec.run(AnyFlatSpec.scala:1685)
	at org.scalatest.tools.Framework.org$scalatest$tools$Framework$$runSuite(Framework.scala:318)
	at org.scalatest.tools.Framework$ScalaTestTask.execute(Framework.scala:513)
	at sbt.TestRunner.runTest$1(TestFramework.scala:147)
	at sbt.TestRunner.run(TestFramework.scala:162)
	at sbt.TestFramework$$anon$3$$anonfun$$lessinit$greater$1.$anonfun$apply$1(TestFramework.scala:330)
	at sbt.TestFramework$.sbt$TestFramework$$withContextLoader(TestFramework.scala:290)
	at sbt.TestFramework$$anon$3$$anonfun$$lessinit$greater$1.apply(TestFramework.scala:330)
	at sbt.TestFramework$$anon$3$$anonfun$$lessinit$greater$1.apply(TestFramework.scala:330)
	at sbt.TestFunction.apply(TestFramework.scala:342)
	at sbt.Tests$.$anonfun$toTask$1(Tests.scala:435)
	at sbt.std.Transform$$anon$3.$anonfun$apply$2(Transform.scala:46)
	at sbt.std.Transform$$anon$4.work(Transform.scala:68)
	at sbt.Execute.$anonfun$submit$2(Execute.scala:282)
	at sbt.internal.util.ErrorHandling$.wideConvert(ErrorHandling.scala:23)
	at sbt.Execute.work(Execute.scala:291)
	at sbt.Execute.$anonfun$submit$1(Execute.scala:282)
	at sbt.ConcurrentRestrictions$$anon$4.$anonfun$submitValid$1(ConcurrentRestrictions.scala:265)
	at sbt.CompletionService$$anon$2.call(CompletionService.scala:64)
	at java.base/java.util.concurrent.FutureTask.run(FutureTask.java:317)
	at java.base/java.util.concurrent.Executors$RunnableAdapter.call(Executors.java:577)
	at java.base/java.util.concurrent.FutureTask.run(FutureTask.java:317)
	at java.base/java.util.concurrent.ThreadPoolExecutor.runWorker(ThreadPoolExecutor.java:1144)
	at java.base/java.util.concurrent.ThreadPoolExecutor$Worker.run(ThreadPoolExecutor.java:642)
	at java.base/java.lang.Thread.run(Thread.java:1589)
Caused by: java.lang.ExceptionInInitializerError: Exception java.lang.ExceptionInInitializerError [in thread &quot;pool-10-thread-1-ScalaTest-running-StartSparkTest&quot;]
	at org.apache.spark.unsafe.array.ByteArrayMethods.&lt;clinit&gt;(ByteArrayMethods.java:54)
	at org.apache.spark.internal.config.package$.&lt;init&gt;(package.scala:1006)
	at org.apache.spark.internal.config.package$.&lt;clinit&gt;(package.scala)
	at org.apache.spark.SparkConf$.&lt;init&gt;(SparkConf.scala:639)
	at org.apache.spark.SparkConf$.&lt;clinit&gt;(SparkConf.scala)
	at org.apache.spark.SparkConf.set(SparkConf.scala:94)
	at org.apache.spark.SparkConf.set(SparkConf.scala:83)
	at org.apache.spark.sql.SparkSession$Builder.$anonfun$getOrCreate$1(SparkSession.scala:905)
	at scala.collection.mutable.HashMap.$anonfun$foreach$1(HashMap.scala:149)
	at scala.collection.mutable.HashTable.foreachEntry(HashTable.scala:237)
	at scala.collection.mutable.HashTable.foreachEntry$(HashTable.scala:230)
	at scala.collection.mutable.HashMap.foreachEntry(HashMap.scala:44)
	at scala.collection.mutable.HashMap.foreach(HashMap.scala:149)
	at org.apache.spark.sql.SparkSession$Builder.getOrCreate(SparkSession.scala:905)
	at org.apache.spark.ml.made.WithSpark$._spark$lzycompute(WithSpark.scala:13)
	at org.apache.spark.ml.made.WithSpark$._spark(WithSpark.scala:11)
	at org.apache.spark.ml.made.WithSpark.spark(WithSpark.scala:6)
	at org.apache.spark.ml.made.WithSpark.spark$(WithSpark.scala:6)
	at org.apache.spark.ml.made.StartSparkTest.spark$lzycompute(StartSparkTest.scala:8)
	at org.apache.spark.ml.made.StartSparkTest.spark(StartSparkTest.scala:8)
	at org.apache.spark.ml.made.StartSparkTest.$anonfun$new$1(StartSparkTest.scala:11)
	at scala.runtime.java8.JFunction0$mcV$sp.apply(JFunction0$mcV$sp.java:23)
	... 60 more
</error>
                    </testcase><testcase classname="org.apache.spark.ml.made.StandardScalerTest" name="" time="-0.001">
                      <error message="Could not initialize class org.apache.spark.SparkConf$" type="java.lang.NoClassDefFoundError">java.lang.NoClassDefFoundError: Could not initialize class org.apache.spark.SparkConf$
	at org.apache.spark.SparkConf.set(SparkConf.scala:94)
	at org.apache.spark.SparkConf.set(SparkConf.scala:83)
	at org.apache.spark.sql.SparkSession$Builder.$anonfun$getOrCreate$1(SparkSession.scala:905)
	at scala.collection.mutable.HashMap.$anonfun$foreach$1(HashMap.scala:149)
	at scala.collection.mutable.HashTable.foreachEntry(HashTable.scala:237)
	at scala.collection.mutable.HashTable.foreachEntry$(HashTable.scala:230)
	at scala.collection.mutable.HashMap.foreachEntry(HashMap.scala:44)
	at scala.collection.mutable.HashMap.foreach(HashMap.scala:149)
	at org.apache.spark.sql.SparkSession$Builder.getOrCreate(SparkSession.scala:905)
	at org.apache.spark.ml.made.WithSpark$._spark$lzycompute(WithSpark.scala:13)
	at org.apache.spark.ml.made.WithSpark$._spark(WithSpark.scala:11)
	at org.apache.spark.ml.made.WithSpark$._sqlc$lzycompute(WithSpark.scala:16)
	at org.apache.spark.ml.made.WithSpark$._sqlc(WithSpark.scala:16)
	at org.apache.spark.ml.made.WithSpark.sqlc(WithSpark.scala:7)
	at org.apache.spark.ml.made.WithSpark.sqlc$(WithSpark.scala:7)
	at org.apache.spark.ml.made.StandardScalerTest$.sqlc$lzycompute(StandardScalerTest.scala:140)
	at org.apache.spark.ml.made.StandardScalerTest$.sqlc(StandardScalerTest.scala:140)
	at org.apache.spark.ml.made.StandardScalerTest$._data$lzycompute(StandardScalerTest.scala:149)
	at org.apache.spark.ml.made.StandardScalerTest$._data(StandardScalerTest.scala:147)
	at org.apache.spark.ml.made.StandardScalerTest.data$lzycompute(StandardScalerTest.scala:16)
	at org.apache.spark.ml.made.StandardScalerTest.data(StandardScalerTest.scala:16)
	at org.apache.spark.ml.made.StandardScalerTest.$anonfun$new$1(StandardScalerTest.scala:26)
	at org.scalatest.OutcomeOf.outcomeOf(OutcomeOf.scala:85)
	at org.scalatest.OutcomeOf.outcomeOf$(OutcomeOf.scala:83)
	at org.scalatest.OutcomeOf$.outcomeOf(OutcomeOf.scala:104)
	at org.scalatest.Transformer.apply(Transformer.scala:22)
	at org.scalatest.Transformer.apply(Transformer.scala:20)
	at org.scalatest.flatspec.AnyFlatSpecLike$$anon$5.apply(AnyFlatSpecLike.scala:1683)
	at org.scalatest.TestSuite.withFixture(TestSuite.scala:196)
	at org.scalatest.TestSuite.withFixture$(TestSuite.scala:195)
	at org.scalatest.flatspec.AnyFlatSpec.withFixture(AnyFlatSpec.scala:1685)
	at org.scalatest.flatspec.AnyFlatSpecLike.invokeWithFixture$1(AnyFlatSpecLike.scala:1681)
	at org.scalatest.flatspec.AnyFlatSpecLike.$anonfun$runTest$1(AnyFlatSpecLike.scala:1693)
	at org.scalatest.SuperEngine.runTestImpl(Engine.scala:306)
	at org.scalatest.flatspec.AnyFlatSpecLike.runTest(AnyFlatSpecLike.scala:1693)
	at org.scalatest.flatspec.AnyFlatSpecLike.runTest$(AnyFlatSpecLike.scala:1675)
	at org.scalatest.flatspec.AnyFlatSpec.runTest(AnyFlatSpec.scala:1685)
	at org.scalatest.flatspec.AnyFlatSpecLike.$anonfun$runTests$1(AnyFlatSpecLike.scala:1751)
	at org.scalatest.SuperEngine.$anonfun$runTestsInBranch$1(Engine.scala:413)
	at scala.collection.immutable.List.foreach(List.scala:431)
	at org.scalatest.SuperEngine.traverseSubNodes$1(Engine.scala:401)
	at org.scalatest.SuperEngine.runTestsInBranch(Engine.scala:390)
	at org.scalatest.SuperEngine.$anonfun$runTestsInBranch$1(Engine.scala:427)
	at scala.collection.immutable.List.foreach(List.scala:431)
	at org.scalatest.SuperEngine.traverseSubNodes$1(Engine.scala:401)
	at org.scalatest.SuperEngine.runTestsInBranch(Engine.scala:396)
	at org.scalatest.SuperEngine.runTestsImpl(Engine.scala:475)
	at org.scalatest.flatspec.AnyFlatSpecLike.runTests(AnyFlatSpecLike.scala:1751)
	at org.scalatest.flatspec.AnyFlatSpecLike.runTests$(AnyFlatSpecLike.scala:1750)
	at org.scalatest.flatspec.AnyFlatSpec.runTests(AnyFlatSpec.scala:1685)
	at org.scalatest.Suite.run(Suite.scala:1112)
	at org.scalatest.Suite.run$(Suite.scala:1094)
	at org.scalatest.flatspec.AnyFlatSpec.org$scalatest$flatspec$AnyFlatSpecLike$$super$run(AnyFlatSpec.scala:1685)
	at org.scalatest.flatspec.AnyFlatSpecLike.$anonfun$run$1(AnyFlatSpecLike.scala:1796)
	at org.scalatest.SuperEngine.runImpl(Engine.scala:535)
	at org.scalatest.flatspec.AnyFlatSpecLike.run(AnyFlatSpecLike.scala:1796)
	at org.scalatest.flatspec.AnyFlatSpecLike.run$(AnyFlatSpecLike.scala:1794)
	at org.scalatest.flatspec.AnyFlatSpec.run(AnyFlatSpec.scala:1685)
	at org.scalatest.tools.Framework.org$scalatest$tools$Framework$$runSuite(Framework.scala:318)
	at org.scalatest.tools.Framework$ScalaTestTask.execute(Framework.scala:513)
	at sbt.TestRunner.runTest$1(TestFramework.scala:147)
	at sbt.TestRunner.run(TestFramework.scala:162)
	at sbt.TestFramework$$anon$3$$anonfun$$lessinit$greater$1.$anonfun$apply$1(TestFramework.scala:330)
	at sbt.TestFramework$.sbt$TestFramework$$withContextLoader(TestFramework.scala:290)
	at sbt.TestFramework$$anon$3$$anonfun$$lessinit$greater$1.apply(TestFramework.scala:330)
	at sbt.TestFramework$$anon$3$$anonfun$$lessinit$greater$1.apply(TestFramework.scala:330)
	at sbt.TestFunction.apply(TestFramework.scala:342)
	at sbt.Tests$.$anonfun$toTask$1(Tests.scala:435)
	at sbt.std.Transform$$anon$3.$anonfun$apply$2(Transform.scala:46)
	at sbt.std.Transform$$anon$4.work(Transform.scala:68)
	at sbt.Execute.$anonfun$submit$2(Execute.scala:282)
	at sbt.internal.util.ErrorHandling$.wideConvert(ErrorHandling.scala:23)
	at sbt.Execute.work(Execute.scala:291)
	at sbt.Execute.$anonfun$submit$1(Execute.scala:282)
	at sbt.ConcurrentRestrictions$$anon$4.$anonfun$submitValid$1(ConcurrentRestrictions.scala:265)
	at sbt.CompletionService$$anon$2.call(CompletionService.scala:64)
	at java.base/java.util.concurrent.FutureTask.run(FutureTask.java:317)
	at java.base/java.util.concurrent.Executors$RunnableAdapter.call(Executors.java:577)
	at java.base/java.util.concurrent.FutureTask.run(FutureTask.java:317)
	at java.base/java.util.concurrent.ThreadPoolExecutor.runWorker(ThreadPoolExecutor.java:1144)
	at java.base/java.util.concurrent.ThreadPoolExecutor$Worker.run(ThreadPoolExecutor.java:642)
	at java.base/java.lang.Thread.run(Thread.java:1589)
Caused by: java.lang.ExceptionInInitializerError: Exception java.lang.ExceptionInInitializerError [in thread &quot;pool-10-thread-1-ScalaTest-running-StartSparkTest&quot;]
	at org.apache.spark.unsafe.array.ByteArrayMethods.&lt;clinit&gt;(ByteArrayMethods.java:54)
	at org.apache.spark.internal.config.package$.&lt;init&gt;(package.scala:1006)
	at org.apache.spark.internal.config.package$.&lt;clinit&gt;(package.scala)
	at org.apache.spark.SparkConf$.&lt;init&gt;(SparkConf.scala:639)
	at org.apache.spark.SparkConf$.&lt;clinit&gt;(SparkConf.scala)
	at org.apache.spark.SparkConf.set(SparkConf.scala:94)
	at org.apache.spark.SparkConf.set(SparkConf.scala:83)
	at org.apache.spark.sql.SparkSession$Builder.$anonfun$getOrCreate$1(SparkSession.scala:905)
	at scala.collection.mutable.HashMap.$anonfun$foreach$1(HashMap.scala:149)
	at scala.collection.mutable.HashTable.foreachEntry(HashTable.scala:237)
	at scala.collection.mutable.HashTable.foreachEntry$(HashTable.scala:230)
	at scala.collection.mutable.HashMap.foreachEntry(HashMap.scala:44)
	at scala.collection.mutable.HashMap.foreach(HashMap.scala:149)
	at org.apache.spark.sql.SparkSession$Builder.getOrCreate(SparkSession.scala:905)
	at org.apache.spark.ml.made.WithSpark$._spark$lzycompute(WithSpark.scala:13)
	at org.apache.spark.ml.made.WithSpark$._spark(WithSpark.scala:11)
	at org.apache.spark.ml.made.WithSpark.spark(WithSpark.scala:6)
	at org.apache.spark.ml.made.WithSpark.spark$(WithSpark.scala:6)
	at org.apache.spark.ml.made.StartSparkTest.spark$lzycompute(StartSparkTest.scala:8)
	at org.apache.spark.ml.made.StartSparkTest.spark(StartSparkTest.scala:8)
	at org.apache.spark.ml.made.StartSparkTest.$anonfun$new$1(StartSparkTest.scala:11)
	at scala.runtime.java8.JFunction0$mcV$sp.apply(JFunction0$mcV$sp.java:23)
	... 60 more
</error>
                    </testcase>
          <system-out><![CDATA[]]></system-out>
          <system-err><![CDATA[]]></system-err>
        </testsuite>